<?xml version="1.0" encoding="UTF-8" ?>
<testsuite tests="16" failures="0" name="com.tsguild.blogcapstone.dao.PageDaoImplTest" time="3.957" errors="0" skipped="0">
  <properties>
    <property name="java.runtime.name" value="Java(TM) SE Runtime Environment"/>
    <property name="sun.boot.library.path" value="/usr/lib/jvm/java-8-oracle/jre/lib/amd64"/>
    <property name="java.vm.version" value="25.101-b13"/>
    <property name="java.vm.vendor" value="Oracle Corporation"/>
    <property name="maven.multiModuleProjectDirectory" value="/home/apprentice/Documents/_repos/allcaps_capstoneproj/BlogCapstone"/>
    <property name="java.vendor.url" value="http://java.oracle.com/"/>
    <property name="path.separator" value=":"/>
    <property name="guice.disable.misplaced.annotation.check" value="true"/>
    <property name="java.vm.name" value="Java HotSpot(TM) 64-Bit Server VM"/>
    <property name="file.encoding.pkg" value="sun.io"/>
    <property name="user.country" value="US"/>
    <property name="sun.java.launcher" value="SUN_STANDARD"/>
    <property name="sun.os.patch.level" value="unknown"/>
    <property name="java.vm.specification.name" value="Java Virtual Machine Specification"/>
    <property name="user.dir" value="/home/apprentice/Documents/_repos/allcaps_capstoneproj/BlogCapstone"/>
    <property name="java.runtime.version" value="1.8.0_101-b13"/>
    <property name="java.awt.graphicsenv" value="sun.awt.X11GraphicsEnvironment"/>
    <property name="java.endorsed.dirs" value="/usr/lib/jvm/java-8-oracle/jre/lib/endorsed"/>
    <property name="os.arch" value="amd64"/>
    <property name="java.io.tmpdir" value="/tmp"/>
    <property name="line.separator" value="
"/>
    <property name="java.vm.specification.vendor" value="Oracle Corporation"/>
    <property name="os.name" value="Linux"/>
    <property name="maven.ext.class.path" value="/home/apprentice/netbeans-8.1/java/maven-nblib/netbeans-eventspy.jar"/>
    <property name="classworlds.conf" value="/home/apprentice/apache-maven-3.3.9/bin/m2.conf"/>
    <property name="sun.jnu.encoding" value="UTF-8"/>
    <property name="java.library.path" value="/usr/lib/jvm/java-8-oracle/jre/lib/amd64:/usr/lib/jvm/java-8-oracle/jre/lib/i386::/usr/java/packages/lib/amd64:/usr/lib64:/lib64:/lib:/usr/lib"/>
    <property name="java.specification.name" value="Java Platform API Specification"/>
    <property name="java.class.version" value="52.0"/>
    <property name="sun.management.compiler" value="HotSpot 64-Bit Tiered Compilers"/>
    <property name="os.version" value="4.4.0-36-generic"/>
    <property name="user.home" value="/home/apprentice"/>
    <property name="user.timezone" value="America/New_York"/>
    <property name="java.awt.printerjob" value="sun.print.PSPrinterJob"/>
    <property name="java.specification.version" value="1.8"/>
    <property name="file.encoding" value="UTF-8"/>
    <property name="user.name" value="apprentice"/>
    <property name="java.class.path" value="/home/apprentice/apache-maven-3.3.9/boot/plexus-classworlds-2.5.2.jar"/>
    <property name="java.vm.specification.version" value="1.8"/>
    <property name="sun.arch.data.model" value="64"/>
    <property name="java.home" value="/usr/lib/jvm/java-8-oracle/jre"/>
    <property name="sun.java.command" value="org.codehaus.plexus.classworlds.launcher.Launcher -Dmaven.ext.class.path=/home/apprentice/netbeans-8.1/java/maven-nblib/netbeans-eventspy.jar clean install"/>
    <property name="java.specification.vendor" value="Oracle Corporation"/>
    <property name="user.language" value="en"/>
    <property name="awt.toolkit" value="sun.awt.X11.XToolkit"/>
    <property name="java.vm.info" value="mixed mode"/>
    <property name="java.version" value="1.8.0_101"/>
    <property name="java.ext.dirs" value="/usr/lib/jvm/java-8-oracle/jre/lib/ext:/usr/java/packages/lib/ext"/>
    <property name="securerandom.source" value="file:/dev/./urandom"/>
    <property name="sun.boot.class.path" value="/usr/lib/jvm/java-8-oracle/jre/lib/resources.jar:/usr/lib/jvm/java-8-oracle/jre/lib/rt.jar:/usr/lib/jvm/java-8-oracle/jre/lib/sunrsasign.jar:/usr/lib/jvm/java-8-oracle/jre/lib/jsse.jar:/usr/lib/jvm/java-8-oracle/jre/lib/jce.jar:/usr/lib/jvm/java-8-oracle/jre/lib/charsets.jar:/usr/lib/jvm/java-8-oracle/jre/lib/jfr.jar:/usr/lib/jvm/java-8-oracle/jre/classes"/>
    <property name="java.vendor" value="Oracle Corporation"/>
    <property name="maven.home" value="/home/apprentice/apache-maven-3.3.9"/>
    <property name="file.separator" value="/"/>
    <property name="java.vendor.url.bug" value="http://bugreport.sun.com/bugreport/"/>
    <property name="sun.cpu.endian" value="little"/>
    <property name="sun.io.unicode.encoding" value="UnicodeLittle"/>
    <property name="sun.desktop" value="gnome"/>
    <property name="sun.cpu.isalist" value=""/>
  </properties>
  <testcase classname="com.tsguild.blogcapstone.dao.PageDaoImplTest" name="testPageCountOnAddition" time="1.324"/>
  <testcase classname="com.tsguild.blogcapstone.dao.PageDaoImplTest" name="testAddMultiplePages" time="0.209"/>
  <testcase classname="com.tsguild.blogcapstone.dao.PageDaoImplTest" name="testAgainstEmptyDAO" time="0.103"/>
  <testcase classname="com.tsguild.blogcapstone.dao.PageDaoImplTest" name="testAddAndRemovePagesMultipleTimes" time="0.413"/>
  <testcase classname="com.tsguild.blogcapstone.dao.PageDaoImplTest" name="testUpdatePage" time="0.072"/>
  <testcase classname="com.tsguild.blogcapstone.dao.PageDaoImplTest" name="testAddAndRemovePageTwice" time="0.073"/>
  <testcase classname="com.tsguild.blogcapstone.dao.PageDaoImplTest" name="testPageCountOnUpdate" time="0.248"/>
  <testcase classname="com.tsguild.blogcapstone.dao.PageDaoImplTest" name="testAddOnePage" time="0.075"/>
  <testcase classname="com.tsguild.blogcapstone.dao.PageDaoImplTest" name="testPagesAfterRemovalOfNonExistent" time="0.132"/>
  <testcase classname="com.tsguild.blogcapstone.dao.PageDaoImplTest" name="addOneToEmptyDaoTest" time="0.098"/>
  <testcase classname="com.tsguild.blogcapstone.dao.PageDaoImplTest" name="testPageCountAfterRemoval" time="0.24"/>
  <testcase classname="com.tsguild.blogcapstone.dao.PageDaoImplTest" name="testAddAndRemoveOnePage" time="0.057"/>
  <testcase classname="com.tsguild.blogcapstone.dao.PageDaoImplTest" name="testPageCountAfterTwiceRemoved" time="0.222"/>
  <testcase classname="com.tsguild.blogcapstone.dao.PageDaoImplTest" name="testUpdateMultiplePages" time="0.238"/>
  <testcase classname="com.tsguild.blogcapstone.dao.PageDaoImplTest" name="testAddSimilarPages" time="0.264"/>
  <testcase classname="com.tsguild.blogcapstone.dao.PageDaoImplTest" name="testAddAndRemoveMultiplePages" time="0.189"/>
</testsuite>